https://raw.githubusercontent.com/Salem0105/autonomic/main/codeabbey/008/Arithmetic%20Progression.abap
https://raw.githubusercontent.com/Karly-Mantilla/codeabbey-external-solutions/master/008-Arithmetic%20Progression/008-Arithmetic%20Progression.ada
https://raw.githubusercontent.com/Salem0105/autonomic/main/codeabbey/008/Arithmetic%20Progression.adb
https://raw.githubusercontent.com/lllllll-llll-llllll/codeabbey_autoit/master/08.au3
https://raw.githubusercontent.com/Salem0105/autonomic/main/codeabbey/008/Arithmetic%20Progression.awk
https://raw.githubusercontent.com/Karly-Mantilla/codeabbey-external-solutions/master/008-Arithmetic%20Progression/008-Arithmetic%20Progression.b
https://raw.githubusercontent.com/andresfes12/autonomic_others/main/008.bash
https://raw.githubusercontent.com/Karly-Mantilla/codeabbey-external-solutions/master/008-Arithmetic%20Progression/008-Arithmetic%20Progression.bf
https://raw.githubusercontent.com/phuclevinh2000/CodeAbbey/master/Arithmetic%20Progression.c
https://raw.githubusercontent.com/pastelito02/Challenges-sol/master/Programming/Codeabbey/008/Eugenia_F.cc
https://raw.githubusercontent.com/Salem0105/autonomic/main/codeabbey/008/Arithmetic%20Progression.cob
https://raw.githubusercontent.com/Mateusnasciment/COBOL.arithmetic-progression/main/pg.cobol
https://raw.githubusercontent.com/andresfes12/autonomic_others/main/008.coffe
https://raw.githubusercontent.com/DionysiosB/CodeAbbey/master/ArithmeticProgression.cpp
https://raw.githubusercontent.com/Tempurturtul/CodeAbbey/master/C%23/ArithmeticProgression.cs
https://raw.githubusercontent.com/andresfes12/autonomic_others/main/008.csh
https://raw.githubusercontent.com/pastelito02/Challenges-sol/master/Programming/Codeabbey/008/yozhikv10.d
https://raw.githubusercontent.com/andresfes12/autonomic_others/main/008.erl
https://raw.githubusercontent.com/Karly-Mantilla/codeabbey-external-solutions/master/008-Arithmetic%20Progression/008-Arithmetic%20Progression.f
https://raw.githubusercontent.com/pastelito02/Challenges-sol/master/Programming/Codeabbey/008/emmgame221.fs
https://raw.githubusercontent.com/vinitkantrod/go-codeabbey/master/15_arithematic_progression/main.go
https://raw.githubusercontent.com/Salem0105/autonomic/main/codeabbey/008/Arithmetic%20Progression.groovy
https://raw.githubusercontent.com/OKullmann/oklibrary/8400ca5ef1a010dabd0d1c4b3d7951b740540554/Combinatorics/Hypergraphs/Generators/VanderWaerden_Tests.hpp
https://raw.githubusercontent.com/pastelito02/Challenges-sol/master/Programming/Codeabbey/008/qaaperson.hs
https://raw.githubusercontent.com/Vailderp/Arithmetic-progression/main/index.html
https://raw.githubusercontent.com/andresfes12/autonomic_others/main/008.hx
https://raw.githubusercontent.com/bkawan/codeabbey_python/master/problem-8.ipynb
https://raw.githubusercontent.com/JFMurphy/Codeabbey-solutions/master/Java/P008_ArithmeticProgression.java
https://raw.githubusercontent.com/hcfio/Julia.Green-Tao-Theorem/main/gt.jl
https://raw.githubusercontent.com/DylanLenz/codeAbbey_Solutions_JavaScript/master/arithmeticProgression_codeAbbey_8.js
https://raw.githubusercontent.com/XingXing2019/LeetCode/77c207bb55b294dabb57ea1586045859a9b1bd7d/Sort/LeetCode%201502%20-%20CanMakeArithmeticProgressionFromSequence/CanMakeArithmeticProgression/CanMakeArithmeticProgression/obj/CanMakeArithmeticProgression.csproj.nuget.dgspec.json
https://raw.githubusercontent.com/Salem0105/autonomic/main/codeabbey/008/Arithmetic%20Progression.kt
https://raw.githubusercontent.com/pastelito02/Challenges-sol/master/Programming/Codeabbey/008/atercattus.lua
https://raw.githubusercontent.com/andresfes12/autonomic_others/main/008.mc
https://raw.githubusercontent.com/Karly-Mantilla/codeabbey-external-solutions/master/008-Arithmetic%20Progression/008-Arithmetic%20Progression.ocaml
https://raw.githubusercontent.com/mpeshehonov/Codeabbey/master/practice/%238/index.php
https://raw.githubusercontent.com/pastelito02/Challenges-sol/master/Programming/Codeabbey/008/pearl_barley.pl
https://raw.githubusercontent.com/Salem0105/autonomic/main/codeabbey/008/Arithmetic%20Progression.pony
https://raw.githubusercontent.com/ValeWasTaken/CodeAbbey_Solutions/master/Python/id008-Arithmetic_Progression.py
https://raw.githubusercontent.com/Karly-Mantilla/codeabbey-external-solutions/master/008-Arithmetic%20Progression/008-Arithmetic%20Progression.r
https://raw.githubusercontent.com/Salem0105/autonomic/main/codeabbey/008/Arithmetic%20Progression.raku
https://raw.githubusercontent.com/marclerodrigues/ruby_exercises/master/arithmetic_progression.rb
https://raw.githubusercontent.com/Salem0105/autonomic/main/codeabbey/008/Arithmetic%20Progression.red
https://raw.githubusercontent.com/Salem0105/autonomic/main/codeabbey/008/Arithmetic%20Progression.rexx
https://raw.githubusercontent.com/FeodalherreN/codeabbey_rs/main/src/tasks/arithmetic_progression.rs
https://raw.githubusercontent.com/andresfes12/autonomic_others/main/008.rx
https://raw.githubusercontent.com/Karly-Mantilla/codeabbey-external-solutions/master/008-Arithmetic%20Progression/008-Arithmetic%20Progression.sa
https://raw.githubusercontent.com/Karly-Mantilla/codeabbey-external-solutions/master/008-Arithmetic%20Progression/008-Arithmetic%20Progression.scheme
https://raw.githubusercontent.com/andresfes12/autonomic_others/main/008.sml
https://raw.githubusercontent.com/pastelito02/Challenges-sol/master/Programming/Codeabbey/008/AginSquash.swift
https://raw.githubusercontent.com/KuroMicho/autonomic_others/main/codeabbey/008/008-arithmetic%20progression.ts
https://raw.githubusercontent.com/SergioSamers/Math-progression/main/Progression.py.txt
https://raw.githubusercontent.com/skilled19/sols/master/harv/codeabbey-8-arithmetic-progression.vb
https://raw.githubusercontent.com/Automedon/CodeWars-7-kyu-Soluitions/master/Arithmetic%20progression
https://raw.githubusercontent.com/CWLUK/Can-Make-Arithmetic-Progression-From-Sequence/main/Python3
https://raw.githubusercontent.com/JesseClarkND/codeabbey_in_C-NET/master/Arithmetic%20Progression
https://raw.githubusercontent.com/MihailBerejan/python-program-generating-triangular-matrix-arithmetical-progression/master/v1
https://raw.githubusercontent.com/MundaSunny/Leetcode-1502/main/Leetcode%201502
https://raw.githubusercontent.com/RVP04/Arithmetic-Progression---Skillrack/master/Solution
https://raw.githubusercontent.com/shreya367/InterviewBit/master/DynamicProgramming/Longest%20Arithmetic%20Progression
https://raw.githubusercontent.com/smudgeConn/Find-the-missing-term-in-an-arithmetic-progression/main/JavaScript%20Code
https://raw.githubusercontent.com/smudgeConn/Find-the-missing-term-in-an-arithmetic-progression/main/Python%20Code
https://raw.githubusercontent.com/tusharlaha/-Can-Make-Arithmetic-Progression-From-Sequence/main/c%2B%2B
